<?xml version="1.0" encoding="UTF-8"?>
<!-- Generated by org.testng.reporters.JUnitReportReporter -->
<testsuite hostname="DESKTOP-S3MVMAS" failures="0" tests="1" name="junitpractice.GitDemo" time="12.395" errors="0" timestamp="2025-03-26T08:37:56 IST" skipped="0">
  <testcase classname="junitpractice.GitDemo" name="techlearnlogin" time="12.395"/>
  <system-out/>
</testsuite> <!-- junitpractice.GitDemo -->
